01_ANDROID/191101_CARPIC_V2.2(NEW,멘토님수정본)/Carpic/opencv/build/outputs/logs/manifest-merger-debug-report.txt
-- Merging decision tree log ---
manifest
ADDED from opencv\java\AndroidManifest.xml:2:1-9:12
INJECTED from opencv\java\AndroidManifest.xml:2:1-9:12
INJECTED from opencv\java\AndroidManifest.xml:2:1-9:12
INJECTED from opencv\java\AndroidManifest.xml:2:1-9:12
INJECTED from opencv\java\AndroidManifest.xml:2:1-9:12
INJECTED from opencv\java\AndroidManifest.xml:2:1-9:12
INJECTED from opencv\java\AndroidManifest.xml:2:1-9:12
	package
		ADDED from opencv\java\AndroidManifest.xml:3:7-27
		INJECTED from opencv\java\AndroidManifest.xml
		INJECTED from opencv\java\AndroidManifest.xml
	android:versionName
		ADDED from opencv\java\AndroidManifest.xml:5:7-34
		INJECTED from opencv\java\AndroidManifest.xml
		INJECTED from opencv\java\AndroidManifest.xml
	xmlns:android
		ADDED from opencv\java\AndroidManifest.xml:2:11-69
	android:versionCode
		ADDED from opencv\java\AndroidManifest.xml:4:7-33
		INJECTED from opencv\java\AndroidManifest.xml
		INJECTED from opencv\java\AndroidManifest.xml
uses-permission#android.permission.CAMERA
ADDED from opencv\java\AndroidManifest.xml:7:5-65
	android:name
		ADDED from opencv\java\AndroidManifest.xml:7:22-62
uses-sdk
INJECTED from opencv\java\AndroidManifest.xml reason: use-sdk injection requested
INJECTED from opencv\java\AndroidManifest.xml
INJECTED from opencv\java\AndroidManifest.xml
INJECTED from opencv\java\AndroidManifest.xml
INJECTED from opencv\java\AndroidManifest.xml
	android:targetSdkVersion
		INJECTED from opencv\java\AndroidManifest.xml
		ADDED from opencv\java\AndroidManifest.xml
		INJECTED from opencv\java\AndroidManifest.xml
	android:minSdkVersion
		INJECTED from opencv\java\AndroidManifest.xml
		ADDED from opencv\java\AndroidManifest.xml
		INJECTED from opencv\java\AndroidManifest.xml